<?xml version="1.0" encoding="UTF-8"?>
<!-- Generated by org.testng.reporters.JUnitXMLReporter -->
<testsuite hostname="LAPTOP-0THIO7KH" ignored="0" name="Test" tests="4" failures="1" timestamp="30 May 2022 06:08:26 GMT" time="13.015" errors="0">
  <testcase name="accountCreation" time="9.625" classname="com.sedona.api.testcases.Functionality1"/>
  <testcase name="accountCreation" time="1.616" classname="com.sedona.api.testcases.Functionality1"/>
  <testcase name="functionality1Test2" time="0.003" classname="com.sedona.api.testcases.Functionality1">
    <failure type="java.lang.AssertionError" message="expected [bandela] but found [kumar]">
      <![CDATA[java.lang.AssertionError: expected [bandela] but found [kumar]
	at com.sedona.api.testcases.Functionality1.functionality1Test2(Functionality1.java:59)
... Removed 31 stack frames]]>
    </failure>
  </testcase> <!-- functionality1Test2 -->
  <testcase name="functionality1Test3" time="0.001" classname="com.sedona.api.testcases.Functionality1"/>
</testsuite> <!-- Test -->
